This file contains any messages produced by compilers while
running configure, to aid debugging if configure makes a mistake.

It was created by amclient configure 1.0, which was
generated by GNU Autoconf 2.69.  Invocation command line was

  $ ./configure 

## --------- ##
## Platform. ##
## --------- ##

hostname = Vaspan.local
uname -m = x86_64
uname -r = 12.3.0
uname -s = Darwin
uname -v = Darwin Kernel Version 12.3.0: Sun Jan  6 22:37:10 PST 2013; root:xnu-2050.22.13~1/RELEASE_X86_64

/usr/bin/uname -p = i386
/bin/uname -X     = unknown

/bin/arch              = unknown
/usr/bin/arch -k       = unknown
/usr/convex/getsysinfo = unknown
/usr/bin/hostinfo      = Mach kernel version:
	 Darwin Kernel Version 12.3.0: Sun Jan  6 22:37:10 PST 2013; root:xnu-2050.22.13~1/RELEASE_X86_64
Kernel configured for up to 4 processors.
2 processors are physically available.
4 processors are logically available.
Processor type: i486 (Intel 80486)
Processors active: 0 1 2 3
Primary memory available: 4.00 gigabytes
Default processor set: 157 tasks, 836 threads, 4 processors
Load average: 0.74, Mach factor: 3.25
/bin/machine           = unknown
/usr/bin/oslevel       = unknown
/bin/universe          = unknown

PATH: /Users/suwanny/.rvm/gems/ruby-1.9.3-p194/bin
PATH: /Users/suwanny/.rvm/gems/ruby-1.9.3-p194@global/bin
PATH: /Users/suwanny/.rvm/rubies/ruby-1.9.3-p194/bin
PATH: /Users/suwanny/.rvm/bin
PATH: /usr/bin
PATH: /bin
PATH: /usr/sbin
PATH: /sbin
PATH: /usr/local/bin
PATH: /Users/suwanny/bin
PATH: /Users/suwanny/Develop/tools/depot_tools
PATH: /Users/suwanny/Develop/tools/adt-bundle-mac-x86_64/sdk/tools


## ----------- ##
## Core tests. ##
## ----------- ##

configure:1876: checking for a BSD-compatible install
configure:1944: result: /usr/bin/install -c
configure:1955: checking whether build environment is sane
configure:2010: result: yes
configure:2161: checking for a thread-safe mkdir -p
configure:2200: result: ./install-sh -c -d
configure:2207: checking for gawk
configure:2237: result: no
configure:2207: checking for mawk
configure:2237: result: no
configure:2207: checking for nawk
configure:2237: result: no
configure:2207: checking for awk
configure:2223: found /usr/bin/awk
configure:2234: result: awk
configure:2245: checking whether make sets $(MAKE)
configure:2267: result: yes
configure:2365: checking for style of include used by make
configure:2393: result: GNU
configure:2464: checking for gcc
configure:2480: found /usr/bin/gcc
configure:2491: result: gcc
configure:2720: checking for C compiler version
configure:2729: gcc --version >&5
i686-apple-darwin11-llvm-gcc-4.2 (GCC) 4.2.1 (Based on Apple Inc. build 5658) (LLVM build 2336.11.00)
Copyright (C) 2007 Free Software Foundation, Inc.
This is free software; see the source for copying conditions.  There is NO
warranty; not even for MERCHANTABILITY or FITNESS FOR A PARTICULAR PURPOSE.

configure:2740: $? = 0
configure:2729: gcc -v >&5
Using built-in specs.
Target: i686-apple-darwin11
Configured with: /private/var/tmp/llvmgcc42/llvmgcc42-2336.11~67/src/configure --disable-checking --enable-werror --prefix=/Applications/Xcode.app/Contents/Developer/usr/llvm-gcc-4.2 --mandir=/share/man --enable-languages=c,objc,c++,obj-c++ --program-prefix=llvm- --program-transform-name=/^[cg][^.-]*$/s/$/-4.2/ --with-slibdir=/usr/lib --build=i686-apple-darwin11 --enable-llvm=/private/var/tmp/llvmgcc42/llvmgcc42-2336.11~67/dst-llvmCore/Developer/usr/local --program-prefix=i686-apple-darwin11- --host=x86_64-apple-darwin11 --target=i686-apple-darwin11 --with-gxx-include-dir=/usr/include/c++/4.2.1
Thread model: posix
gcc version 4.2.1 (Based on Apple Inc. build 5658) (LLVM build 2336.11.00)
configure:2740: $? = 0
configure:2729: gcc -V >&5
llvm-gcc-4.2: argument to `-V' is missing
configure:2740: $? = 1
configure:2729: gcc -qversion >&5
i686-apple-darwin11-llvm-gcc-4.2: no input files
configure:2740: $? = 1
configure:2760: checking whether the C compiler works
configure:2782: gcc    conftest.c  >&5
configure:2786: $? = 0
configure:2834: result: yes
configure:2837: checking for C compiler default output file name
configure:2839: result: a.out
configure:2845: checking for suffix of executables
configure:2852: gcc -o conftest    conftest.c  >&5
configure:2856: $? = 0
configure:2878: result: 
configure:2900: checking whether we are cross compiling
configure:2908: gcc -o conftest    conftest.c  >&5
configure:2912: $? = 0
configure:2919: ./conftest
configure:2923: $? = 0
configure:2938: result: no
configure:2943: checking for suffix of object files
configure:2965: gcc -c   conftest.c >&5
configure:2969: $? = 0
configure:2990: result: o
configure:2994: checking whether we are using the GNU C compiler
configure:3013: gcc -c   conftest.c >&5
configure:3013: $? = 0
configure:3022: result: yes
configure:3031: checking whether gcc accepts -g
configure:3051: gcc -c -g  conftest.c >&5
configure:3051: $? = 0
configure:3092: result: yes
configure:3109: checking for gcc option to accept ISO C89
configure:3172: gcc  -c -g -O2  conftest.c >&5
configure:3172: $? = 0
configure:3185: result: none needed
configure:3207: checking dependency style of gcc
configure:3318: result: gcc3
configure:3383: checking for ar
configure:3399: found /usr/bin/ar
configure:3410: result: ar
configure:3436: checking the archiver (ar) interface
configure:3446: gcc -c -g -O2  conftest.c >&5
configure:3446: $? = 0
configure:3448: ar cru libconftest.a conftest.o >&5
configure:3451: $? = 0
configure:3474: result: ar
configure:3537: checking for ranlib
configure:3553: found /usr/bin/ranlib
configure:3564: result: ranlib
configure:3644: checking for g++
configure:3660: found /usr/bin/g++
configure:3671: result: g++
configure:3698: checking for C++ compiler version
configure:3707: g++ --version >&5
i686-apple-darwin11-llvm-g++-4.2 (GCC) 4.2.1 (Based on Apple Inc. build 5658) (LLVM build 2336.11.00)
Copyright (C) 2007 Free Software Foundation, Inc.
This is free software; see the source for copying conditions.  There is NO
warranty; not even for MERCHANTABILITY or FITNESS FOR A PARTICULAR PURPOSE.

configure:3718: $? = 0
configure:3707: g++ -v >&5
Using built-in specs.
Target: i686-apple-darwin11
Configured with: /private/var/tmp/llvmgcc42/llvmgcc42-2336.11~67/src/configure --disable-checking --enable-werror --prefix=/Applications/Xcode.app/Contents/Developer/usr/llvm-gcc-4.2 --mandir=/share/man --enable-languages=c,objc,c++,obj-c++ --program-prefix=llvm- --program-transform-name=/^[cg][^.-]*$/s/$/-4.2/ --with-slibdir=/usr/lib --build=i686-apple-darwin11 --enable-llvm=/private/var/tmp/llvmgcc42/llvmgcc42-2336.11~67/dst-llvmCore/Developer/usr/local --program-prefix=i686-apple-darwin11- --host=x86_64-apple-darwin11 --target=i686-apple-darwin11 --with-gxx-include-dir=/usr/include/c++/4.2.1
Thread model: posix
gcc version 4.2.1 (Based on Apple Inc. build 5658) (LLVM build 2336.11.00)
configure:3718: $? = 0
configure:3707: g++ -V >&5
llvm-g++-4.2: argument to `-V' is missing
configure:3718: $? = 1
configure:3707: g++ -qversion >&5
i686-apple-darwin11-llvm-g++-4.2: no input files
configure:3718: $? = 1
configure:3722: checking whether we are using the GNU C++ compiler
configure:3741: g++ -c   conftest.cpp >&5
configure:3741: $? = 0
configure:3750: result: yes
configure:3759: checking whether g++ accepts -g
configure:3779: g++ -c -g  conftest.cpp >&5
configure:3779: $? = 0
configure:3820: result: yes
configure:3845: checking dependency style of g++
configure:3956: result: gcc3
configure:4084: checking that generated files are newer than configure
configure:4090: result: done
configure:4117: creating ./config.status

## ---------------------- ##
## Running config.status. ##
## ---------------------- ##

This file was extended by amclient config.status 1.0, which was
generated by GNU Autoconf 2.69.  Invocation command line was

  CONFIG_FILES    = 
  CONFIG_HEADERS  = 
  CONFIG_LINKS    = 
  CONFIG_COMMANDS = 
  $ ./config.status 

on Vaspan.local

config.status:845: creating Makefile
config.status:845: creating src/Makefile
config.status:845: creating config.h
config.status:1026: config.h is unchanged
config.status:1074: executing depfiles commands

## ---------------- ##
## Cache variables. ##
## ---------------- ##

ac_cv_c_compiler_gnu=yes
ac_cv_cxx_compiler_gnu=yes
ac_cv_env_CCC_set=
ac_cv_env_CCC_value=
ac_cv_env_CC_set=
ac_cv_env_CC_value=
ac_cv_env_CFLAGS_set=
ac_cv_env_CFLAGS_value=
ac_cv_env_CPPFLAGS_set=
ac_cv_env_CPPFLAGS_value=
ac_cv_env_CXXFLAGS_set=
ac_cv_env_CXXFLAGS_value=
ac_cv_env_CXX_set=
ac_cv_env_CXX_value=
ac_cv_env_LDFLAGS_set=
ac_cv_env_LDFLAGS_value=
ac_cv_env_LIBS_set=
ac_cv_env_LIBS_value=
ac_cv_env_build_alias_set=
ac_cv_env_build_alias_value=
ac_cv_env_host_alias_set=
ac_cv_env_host_alias_value=
ac_cv_env_target_alias_set=
ac_cv_env_target_alias_value=
ac_cv_objext=o
ac_cv_path_install='/usr/bin/install -c'
ac_cv_prog_AWK=awk
ac_cv_prog_ac_ct_AR=ar
ac_cv_prog_ac_ct_CC=gcc
ac_cv_prog_ac_ct_CXX=g++
ac_cv_prog_ac_ct_RANLIB=ranlib
ac_cv_prog_cc_c89=
ac_cv_prog_cc_g=yes
ac_cv_prog_cxx_g=yes
ac_cv_prog_make_make_set=yes
am_cv_CC_dependencies_compiler_type=gcc3
am_cv_CXX_dependencies_compiler_type=gcc3
am_cv_ar_interface=ar

## ----------------- ##
## Output variables. ##
## ----------------- ##

ACLOCAL='${SHELL} /Users/suwanny/Develop/github/perf-ninja/client/missing --run aclocal-1.12'
AMDEPBACKSLASH='\'
AMDEP_FALSE='#'
AMDEP_TRUE=''
AMTAR='$${TAR-tar}'
AR='ar'
AUTOCONF='${SHELL} /Users/suwanny/Develop/github/perf-ninja/client/missing --run autoconf'
AUTOHEADER='${SHELL} /Users/suwanny/Develop/github/perf-ninja/client/missing --run autoheader'
AUTOMAKE='${SHELL} /Users/suwanny/Develop/github/perf-ninja/client/missing --run automake-1.12'
AWK='awk'
CC='gcc'
CCDEPMODE='depmode=gcc3'
CFLAGS='-g -O2'
CPPFLAGS=''
CXX='g++'
CXXDEPMODE='depmode=gcc3'
CXXFLAGS='-g -O2'
CYGPATH_W='echo'
DEFS='-DHAVE_CONFIG_H'
DEPDIR='.deps'
ECHO_C='\c'
ECHO_N=''
ECHO_T=''
EXEEXT=''
INSTALL_DATA='${INSTALL} -m 644'
INSTALL_PROGRAM='${INSTALL}'
INSTALL_SCRIPT='${INSTALL}'
INSTALL_STRIP_PROGRAM='$(install_sh) -c -s'
LDFLAGS=''
LIBOBJS=''
LIBS=''
LTLIBOBJS=''
MAKEINFO='${SHELL} /Users/suwanny/Develop/github/perf-ninja/client/missing --run makeinfo'
MKDIR_P='./install-sh -c -d'
OBJEXT='o'
PACKAGE='amclient'
PACKAGE_BUGREPORT='suwanny@gmail.com'
PACKAGE_NAME='amclient'
PACKAGE_STRING='amclient 1.0'
PACKAGE_TARNAME='amclient'
PACKAGE_URL=''
PACKAGE_VERSION='1.0'
PATH_SEPARATOR=':'
RANLIB='ranlib'
SET_MAKE=''
SHELL='/bin/sh'
STRIP=''
VERSION='1.0'
ac_ct_AR='ar'
ac_ct_CC='gcc'
ac_ct_CXX='g++'
am__EXEEXT_FALSE=''
am__EXEEXT_TRUE='#'
am__fastdepCC_FALSE='#'
am__fastdepCC_TRUE=''
am__fastdepCXX_FALSE='#'
am__fastdepCXX_TRUE=''
am__include='include'
am__isrc=''
am__leading_dot='.'
am__nodep='_no'
am__quote=''
am__tar='$${TAR-tar} chof - "$$tardir"'
am__untar='$${TAR-tar} xf -'
bindir='${exec_prefix}/bin'
build_alias=''
datadir='${datarootdir}'
datarootdir='${prefix}/share'
docdir='${datarootdir}/doc/${PACKAGE_TARNAME}'
dvidir='${docdir}'
exec_prefix='${prefix}'
host_alias=''
htmldir='${docdir}'
includedir='${prefix}/include'
infodir='${datarootdir}/info'
install_sh='${SHELL} /Users/suwanny/Develop/github/perf-ninja/client/install-sh'
libdir='${exec_prefix}/lib'
libexecdir='${exec_prefix}/libexec'
localedir='${datarootdir}/locale'
localstatedir='${prefix}/var'
mandir='${datarootdir}/man'
mkdir_p='$(MKDIR_P)'
oldincludedir='/usr/include'
pdfdir='${docdir}'
prefix='/usr/local'
program_transform_name='s,x,x,'
psdir='${docdir}'
sbindir='${exec_prefix}/sbin'
sharedstatedir='${prefix}/com'
sysconfdir='${prefix}/etc'
target_alias=''

## ----------- ##
## confdefs.h. ##
## ----------- ##

/* confdefs.h */
#define PACKAGE_NAME "amclient"
#define PACKAGE_TARNAME "amclient"
#define PACKAGE_VERSION "1.0"
#define PACKAGE_STRING "amclient 1.0"
#define PACKAGE_BUGREPORT "suwanny@gmail.com"
#define PACKAGE_URL ""
#define PACKAGE "amclient"
#define VERSION "1.0"

configure: exit 0

## ---------------------- ##
## Running config.status. ##
## ---------------------- ##

This file was extended by amclient config.status 1.0, which was
generated by GNU Autoconf 2.69.  Invocation command line was

  CONFIG_FILES    = 
  CONFIG_HEADERS  = 
  CONFIG_LINKS    = 
  CONFIG_COMMANDS = 
  $ ./config.status src/Makefile depfiles

on Vaspan.local

config.status:845: creating src/Makefile
config.status:1074: executing depfiles commands
